TN:
SF:app-error.ts
FN:2,AppError
FNF:1
FNH:1
FNDA:14,AppError
DA:1,1
DA:2,1
DA:3,14
DA:4,14
DA:5,14
DA:6,14
DA:7,14
DA:8,14
DA:9,14
DA:10,14
DA:11,1
LF:11
LH:11
BRDA:2,0,0,14
BRF:1
BRH:1
end_of_record
TN:
SF:error-handler.ts
FN:9,listenToErrorEvents
FN:34,handleError
FN:57,terminateHttpServerAndExit
FN:67,covertUnknownToAppError
FN:109,getOneOfTheseProperties
FN:125,fireMetric
FN:130,getObjectIfNotAlreadyObject
FNF:7
FNH:7
FNDA:1,listenToErrorEvents
FNDA:14,handleError
FNDA:14,terminateHttpServerAndExit
FNDA:14,covertUnknownToAppError
FNDA:65,getOneOfTheseProperties
FNDA:14,fireMetric
FNDA:13,getObjectIfNotAlreadyObject
DA:1,1
DA:2,1
DA:3,1
DA:4,1
DA:5,1
DA:6,1
DA:7,1
DA:8,1
DA:9,1
DA:10,1
DA:11,1
DA:12,1
DA:13,1
DA:14,1
DA:15,1
DA:16,0
DA:17,1
DA:18,1
DA:19,1
DA:20,0
DA:21,0
DA:22,0
DA:23,0
DA:24,1
DA:25,1
DA:26,1
DA:27,0
DA:28,0
DA:29,0
DA:30,0
DA:31,1
DA:32,1
DA:33,1
DA:34,1
DA:35,14
DA:36,14
DA:37,14
DA:38,14
DA:39,14
DA:40,14
DA:41,14
DA:42,14
DA:43,14
DA:44,14
DA:45,14
DA:46,0
DA:47,0
DA:48,0
DA:49,0
DA:50,0
DA:51,0
DA:52,0
DA:53,0
DA:54,1
DA:55,1
DA:56,1
DA:57,1
DA:58,14
DA:59,14
DA:60,14
DA:61,14
DA:62,14
DA:63,14
DA:64,1
DA:65,1
DA:66,1
DA:67,14
DA:68,14
DA:69,1
DA:70,1
DA:71,1
DA:72,13
DA:73,13
DA:74,13
DA:75,13
DA:76,13
DA:77,13
DA:78,13
DA:79,13
DA:80,13
DA:81,13
DA:82,13
DA:83,13
DA:84,13
DA:85,13
DA:86,13
DA:87,13
DA:88,13
DA:89,13
DA:90,13
DA:91,13
DA:92,13
DA:93,13
DA:94,13
DA:95,13
DA:96,13
DA:97,13
DA:98,13
DA:99,13
DA:100,13
DA:101,13
DA:102,13
DA:103,13
DA:104,13
DA:105,13
DA:106,13
DA:107,13
DA:108,1
DA:109,1
DA:110,65
DA:111,65
DA:112,65
DA:113,65
DA:114,65
DA:115,65
DA:116,140
DA:117,4
DA:118,4
DA:119,140
DA:120,61
DA:121,61
DA:122,1
DA:123,1
DA:124,1
DA:125,1
DA:126,14
DA:127,14
DA:128,1
DA:129,1
DA:130,13
DA:131,13
DA:132,4
DA:133,4
DA:134,9
DA:135,9
DA:136,9
LF:136
LH:119
BRDA:9,0,0,1
BRDA:11,1,0,1
BRDA:34,2,0,14
BRDA:45,3,0,0
BRDA:57,4,0,14
BRDA:67,5,0,14
BRDA:68,6,0,1
BRDA:72,7,0,13
BRDA:109,8,0,65
BRDA:115,9,0,140
BRDA:116,10,0,4
BRDA:120,11,0,61
BRDA:125,12,0,14
BRDA:130,13,0,13
BRDA:131,14,0,5
BRDA:131,15,0,4
BRDA:134,16,0,9
BRF:17
BRH:16
end_of_record
