TN:
SF:index.ts
FN:1,get
FNF:1
FNH:1
FNDA:5,get
DA:1,1
LF:1
LH:1
BRDA:1,0,0,5
BRF:1
BRH:1
end_of_record
TN:
SF:.dist/index.js
FN:1,Object.<anonymous>
FN:5,get
FNF:2
FNH:2
FNDA:1,Object.<anonymous>
FNDA:5,get
DA:1,1
DA:2,1
DA:3,1
DA:4,1
DA:5,1
LF:5
LH:5
BRDA:1,0,0,1
BRDA:1,1,0,1
BRDA:5,2,0,5
BRF:3
BRH:3
end_of_record
TN:
SF:.dist/src/context.js
FN:1,Object.<anonymous>
FN:6,context
FNF:2
FNH:2
FNDA:1,Object.<anonymous>
FNDA:5,context
DA:1,1
DA:2,1
DA:3,1
DA:4,1
DA:5,1
DA:6,5
DA:7,5
DA:8,1
DA:9,1
DA:10,5
DA:11,5
DA:12,1
LF:12
LH:12
BRDA:1,0,0,1
BRDA:1,1,0,1
BRDA:6,2,0,5
BRDA:7,3,0,1
BRF:4
BRH:4
end_of_record
TN:
SF:src/context.ts
FN:6,context
FNF:1
FNH:1
FNDA:5,context
DA:1,1
DA:2,1
DA:3,1
DA:4,1
DA:5,1
DA:6,5
DA:7,5
DA:8,1
DA:9,1
DA:10,5
DA:11,5
DA:12,5
LF:12
LH:12
BRDA:6,0,0,5
BRDA:7,1,0,1
BRF:2
BRH:2
end_of_record
